<?xml version="1.0" encoding="UTF-8"?>
<!-- Generated by org.testng.reporters.JUnitReportReporter -->
<testsuite skipped="0" hostname="ABHIMANYU-PC" name="testing.JenkinsTest.App" tests="1" failures="0" timestamp="23 Apr 2019 18:59:09 GMT" time="16.699" errors="0">
  <testcase name="testGoogle" time="16.699" classname="testing.JenkinsTest.App"/>
</testsuite> <!-- testing.JenkinsTest.App -->
